<?xml version="1.0" encoding="UTF-8"?>
<testsuite name="ClientInfoRepositoryMockTest" tests="4" skipped="0" failures="0" errors="0" timestamp="2020-11-25T17:06:27" hostname="LAPTOP-AHC2IA74" time="0.003">
  <properties/>
  <testcase name="deleteClientInfo" classname="ClientInfoRepositoryMockTest" time="0.001"/>
  <testcase name="updateClientInfo" classname="ClientInfoRepositoryMockTest" time="0.0"/>
  <testcase name="addClientInfo1" classname="ClientInfoRepositoryMockTest" time="0.001"/>
  <testcase name="addClientInfo" classname="ClientInfoRepositoryMockTest" time="0.0"/>
  <system-out><![CDATA[]]></system-out>
  <system-err><![CDATA[]]></system-err>
</testsuite>
